CRITICAL - 2025-04-14 12:46:18 --> ErrorException: Undefined variable $option
[Method: GET, Route: coaching]
in APPPATH\Views\coaching\coaching_listing_view.php on line 43.
 1 APPPATH\Views\coaching\coaching_listing_view.php(43): CodeIgniter\Debug\Exceptions->errorHandler(2, 'Undefined variable $option', 'D:\\xampp\\htdocs\\sports_project\\app\\Views\\coaching\\coaching_listing_view.php', 43)
 2 SYSTEMPATH\View\View.php(224): include('D:\\xampp\\htdocs\\sports_project\\app\\Views\\coaching\\coaching_listing_view.php')
 3 SYSTEMPATH\View\View.php(227): CodeIgniter\View\View->CodeIgniter\View\{closure}()
 4 SYSTEMPATH\Common.php(1173): CodeIgniter\View\View->render('coaching/coaching_listing_view', [], true)
 5 APPPATH\Controllers\Coaching.php(68): view('coaching/coaching_listing_view', [...])
 6 SYSTEMPATH\CodeIgniter.php(933): App\Controllers\Coaching->coach()
 7 SYSTEMPATH\CodeIgniter.php(507): CodeIgniter\CodeIgniter->runController(Object(App\Controllers\Coaching))
 8 SYSTEMPATH\CodeIgniter.php(354): CodeIgniter\CodeIgniter->handleRequest(null, Object(Config\Cache), false)
 9 SYSTEMPATH\Boot.php(334): CodeIgniter\CodeIgniter->run()
10 SYSTEMPATH\Boot.php(67): CodeIgniter\Boot::runCodeIgniter(Object(CodeIgniter\CodeIgniter))
11 FCPATH\index.php(56): CodeIgniter\Boot::bootWeb(Object(Config\Paths))
CRITICAL - 2025-04-14 12:53:35 --> Error: Call to undefined function App\Controllers\getSessionData()
[Method: GET, Route: coaching/coaching_edit_view]
in APPPATH\Controllers\Coaching.php on line 94.
 1 SYSTEMPATH\CodeIgniter.php(933): App\Controllers\Coaching->coach_edit_view('')
 2 SYSTEMPATH\CodeIgniter.php(507): CodeIgniter\CodeIgniter->runController(Object(App\Controllers\Coaching))
 3 SYSTEMPATH\CodeIgniter.php(354): CodeIgniter\CodeIgniter->handleRequest(null, Object(Config\Cache), false)
 4 SYSTEMPATH\Boot.php(334): CodeIgniter\CodeIgniter->run()
 5 SYSTEMPATH\Boot.php(67): CodeIgniter\Boot::runCodeIgniter(Object(CodeIgniter\CodeIgniter))
 6 FCPATH\index.php(56): CodeIgniter\Boot::bootWeb(Object(Config\Paths))
