CRITICAL - 2025-04-16 13:27:10 --> ParseError: syntax error, unexpected token ";"
[Method: GET, Route: sport_banners]
in APPPATH\Views\main\nawbar_view.php on line 105.
 1 SYSTEMPATH\View\View.php(227): CodeIgniter\View\View->CodeIgniter\View\{closure}()
 2 SYSTEMPATH\Common.php(1173): CodeIgniter\View\View->render('main/nawbar_view', [], true)
 3 APPPATH\Controllers\BaseController.php(72): view('main/nawbar_view', [...])
 4 APPPATH\Controllers\Coaching.php(19): App\Controllers\BaseController->_main([...])
 5 SYSTEMPATH\CodeIgniter.php(933): App\Controllers\Coaching->index()
 6 SYSTEMPATH\CodeIgniter.php(507): CodeIgniter\CodeIgniter->runController(Object(App\Controllers\Coaching))
 7 SYSTEMPATH\CodeIgniter.php(354): CodeIgniter\CodeIgniter->handleRequest(null, Object(Config\Cache), false)
 8 SYSTEMPATH\Boot.php(334): CodeIgniter\CodeIgniter->run()
 9 SYSTEMPATH\Boot.php(67): CodeIgniter\Boot::runCodeIgniter(Object(CodeIgniter\CodeIgniter))
10 FCPATH\index.php(56): CodeIgniter\Boot::bootWeb(Object(Config\Paths))
CRITICAL - 2025-04-16 13:28:27 --> ParseError: syntax error, unexpected token ";"
[Method: GET, Route: sport_banners]
in APPPATH\Views\main\nawbar_view.php on line 105.
 1 SYSTEMPATH\View\View.php(227): CodeIgniter\View\View->CodeIgniter\View\{closure}()
 2 SYSTEMPATH\Common.php(1173): CodeIgniter\View\View->render('main/nawbar_view', [], true)
 3 APPPATH\Controllers\BaseController.php(72): view('main/nawbar_view', [...])
 4 APPPATH\Controllers\Coaching.php(19): App\Controllers\BaseController->_main([...])
 5 SYSTEMPATH\CodeIgniter.php(933): App\Controllers\Coaching->index()
 6 SYSTEMPATH\CodeIgniter.php(507): CodeIgniter\CodeIgniter->runController(Object(App\Controllers\Coaching))
 7 SYSTEMPATH\CodeIgniter.php(354): CodeIgniter\CodeIgniter->handleRequest(null, Object(Config\Cache), false)
 8 SYSTEMPATH\Boot.php(334): CodeIgniter\CodeIgniter->run()
 9 SYSTEMPATH\Boot.php(67): CodeIgniter\Boot::runCodeIgniter(Object(CodeIgniter\CodeIgniter))
10 FCPATH\index.php(56): CodeIgniter\Boot::bootWeb(Object(Config\Paths))
CRITICAL - 2025-04-16 13:28:49 --> Error: Undefined constant "base_url"
[Method: GET, Route: sport_banners]
in APPPATH\Views\main\nawbar_view.php on line 105.
 1 SYSTEMPATH\View\View.php(224): include()
 2 SYSTEMPATH\View\View.php(227): CodeIgniter\View\View->CodeIgniter\View\{closure}()
 3 SYSTEMPATH\Common.php(1173): CodeIgniter\View\View->render('main/nawbar_view', [], true)
 4 APPPATH\Controllers\BaseController.php(72): view('main/nawbar_view', [...])
 5 APPPATH\Controllers\Coaching.php(19): App\Controllers\BaseController->_main([...])
 6 SYSTEMPATH\CodeIgniter.php(933): App\Controllers\Coaching->index()
 7 SYSTEMPATH\CodeIgniter.php(507): CodeIgniter\CodeIgniter->runController(Object(App\Controllers\Coaching))
 8 SYSTEMPATH\CodeIgniter.php(354): CodeIgniter\CodeIgniter->handleRequest(null, Object(Config\Cache), false)
 9 SYSTEMPATH\Boot.php(334): CodeIgniter\CodeIgniter->run()
10 SYSTEMPATH\Boot.php(67): CodeIgniter\Boot::runCodeIgniter(Object(CodeIgniter\CodeIgniter))
11 FCPATH\index.php(56): CodeIgniter\Boot::bootWeb(Object(Config\Paths))
