ERROR - 2025-04-23 15:48:41 --> mysqli_sql_exception: Column 'user_id' cannot be null in D:\xampp\htdocs\sports_project\system\Database\MySQLi\Connection.php:327
Stack trace:
#0 D:\xampp\htdocs\sports_project\system\Database\MySQLi\Connection.php(327): mysqli->query('INSERT INTO `bo...', 0)
#1 D:\xampp\htdocs\sports_project\system\Database\BaseConnection.php(738): CodeIgniter\Database\MySQLi\Connection->execute('INSERT INTO `bo...')
#2 D:\xampp\htdocs\sports_project\system\Database\BaseConnection.php(652): CodeIgniter\Database\BaseConnection->simpleQuery('INSERT INTO `bo...')
#3 D:\xampp\htdocs\sports_project\system\Database\BaseBuilder.php(2345): CodeIgniter\Database\BaseConnection->query('INSERT INTO `bo...', Array, false)
#4 D:\xampp\htdocs\sports_project\system\Model.php(394): CodeIgniter\Database\BaseBuilder->insert()
#5 D:\xampp\htdocs\sports_project\system\BaseModel.php(839): CodeIgniter\Model->doInsert(Array)
#6 D:\xampp\htdocs\sports_project\system\Model.php(800): CodeIgniter\BaseModel->insert(Array, true)
#7 D:\xampp\htdocs\sports_project\app\Controllers\BookingController.php(26): CodeIgniter\Model->insert(Array)
#8 D:\xampp\htdocs\sports_project\system\CodeIgniter.php(933): App\Controllers\BookingController->submit_booking()
#9 D:\xampp\htdocs\sports_project\system\CodeIgniter.php(507): CodeIgniter\CodeIgniter->runController(Object(App\Controllers\BookingController))
#10 D:\xampp\htdocs\sports_project\system\CodeIgniter.php(354): CodeIgniter\CodeIgniter->handleRequest(NULL, Object(Config\Cache), false)
#11 D:\xampp\htdocs\sports_project\system\Boot.php(334): CodeIgniter\CodeIgniter->run()
#12 D:\xampp\htdocs\sports_project\system\Boot.php(67): CodeIgniter\Boot::runCodeIgniter(Object(CodeIgniter\CodeIgniter))
#13 D:\xampp\htdocs\sports_project\index.php(56): CodeIgniter\Boot::bootWeb(Object(Config\Paths))
#14 {main}
CRITICAL - 2025-04-23 15:48:41 --> CodeIgniter\Database\Exceptions\DatabaseException: Column 'user_id' cannot be null
[Method: POST, Route: submit_booking]
in SYSTEMPATH\Database\BaseConnection.php on line 692.
 1 SYSTEMPATH\Database\BaseBuilder.php(2345): CodeIgniter\Database\BaseConnection->query('INSERT INTO `bookings` (`user_id`, `booking_date`, `court_name`, `time_slot`, `price`, `created_at`, `updated_at`) VALUES (:user_id:, :booking_date:, :court_name:, :time_slot:, :price:, :created_at:, :updated_at:)', [...], false)
 2 SYSTEMPATH\Model.php(394): CodeIgniter\Database\BaseBuilder->insert()
 3 SYSTEMPATH\BaseModel.php(839): CodeIgniter\Model->doInsert([...])
 4 SYSTEMPATH\Model.php(800): CodeIgniter\BaseModel->insert([...], true)
 5 APPPATH\Controllers\BookingController.php(26): CodeIgniter\Model->insert([...])
 6 SYSTEMPATH\CodeIgniter.php(933): App\Controllers\BookingController->submit_booking()
 7 SYSTEMPATH\CodeIgniter.php(507): CodeIgniter\CodeIgniter->runController(Object(App\Controllers\BookingController))
 8 SYSTEMPATH\CodeIgniter.php(354): CodeIgniter\CodeIgniter->handleRequest(null, Object(Config\Cache), false)
 9 SYSTEMPATH\Boot.php(334): CodeIgniter\CodeIgniter->run()
10 SYSTEMPATH\Boot.php(67): CodeIgniter\Boot::runCodeIgniter(Object(CodeIgniter\CodeIgniter))
11 FCPATH\index.php(56): CodeIgniter\Boot::bootWeb(Object(Config\Paths))
CRITICAL - 2025-04-23 15:48:41 --> [Caused by] CodeIgniter\Database\Exceptions\DatabaseException: Column 'user_id' cannot be null
in SYSTEMPATH\Database\MySQLi\Connection.php on line 332.
 1 SYSTEMPATH\Database\BaseConnection.php(738): CodeIgniter\Database\MySQLi\Connection->execute('INSERT INTO `bookings` (`user_id`, `booking_date`, `court_name`, `time_slot`, `price`, `created_at`, `updated_at`) VALUES (NULL, \'2025-04-17\', \'Court\', \'slot_10pm\', 300, \'2025-04-23 15:48:41\', \'2025-04-23 15:48:41\')')
 2 SYSTEMPATH\Database\BaseConnection.php(652): CodeIgniter\Database\BaseConnection->simpleQuery('INSERT INTO `bookings` (`user_id`, `booking_date`, `court_name`, `time_slot`, `price`, `created_at`, `updated_at`) VALUES (NULL, \'2025-04-17\', \'Court\', \'slot_10pm\', 300, \'2025-04-23 15:48:41\', \'2025-04-23 15:48:41\')')
 3 SYSTEMPATH\Database\BaseBuilder.php(2345): CodeIgniter\Database\BaseConnection->query('INSERT INTO `bookings` (`user_id`, `booking_date`, `court_name`, `time_slot`, `price`, `created_at`, `updated_at`) VALUES (:user_id:, :booking_date:, :court_name:, :time_slot:, :price:, :created_at:, :updated_at:)', [...], false)
 4 SYSTEMPATH\Model.php(394): CodeIgniter\Database\BaseBuilder->insert()
 5 SYSTEMPATH\BaseModel.php(839): CodeIgniter\Model->doInsert([...])
 6 SYSTEMPATH\Model.php(800): CodeIgniter\BaseModel->insert([...], true)
 7 APPPATH\Controllers\BookingController.php(26): CodeIgniter\Model->insert([...])
 8 SYSTEMPATH\CodeIgniter.php(933): App\Controllers\BookingController->submit_booking()
 9 SYSTEMPATH\CodeIgniter.php(507): CodeIgniter\CodeIgniter->runController(Object(App\Controllers\BookingController))
10 SYSTEMPATH\CodeIgniter.php(354): CodeIgniter\CodeIgniter->handleRequest(null, Object(Config\Cache), false)
11 SYSTEMPATH\Boot.php(334): CodeIgniter\CodeIgniter->run()
12 SYSTEMPATH\Boot.php(67): CodeIgniter\Boot::runCodeIgniter(Object(CodeIgniter\CodeIgniter))
13 FCPATH\index.php(56): CodeIgniter\Boot::bootWeb(Object(Config\Paths))
CRITICAL - 2025-04-23 15:48:41 --> [Caused by] mysqli_sql_exception: Column 'user_id' cannot be null
in SYSTEMPATH\Database\MySQLi\Connection.php on line 327.
 1 SYSTEMPATH\Database\MySQLi\Connection.php(327): mysqli->query('INSERT INTO `bookings` (`user_id`, `booking_date`, `court_name`, `time_slot`, `price`, `created_at`, `updated_at`) VALUES (NULL, \'2025-04-17\', \'Court\', \'slot_10pm\', 300, \'2025-04-23 15:48:41\', \'2025-04-23 15:48:41\')', 0)
 2 SYSTEMPATH\Database\BaseConnection.php(738): CodeIgniter\Database\MySQLi\Connection->execute('INSERT INTO `bookings` (`user_id`, `booking_date`, `court_name`, `time_slot`, `price`, `created_at`, `updated_at`) VALUES (NULL, \'2025-04-17\', \'Court\', \'slot_10pm\', 300, \'2025-04-23 15:48:41\', \'2025-04-23 15:48:41\')')
 3 SYSTEMPATH\Database\BaseConnection.php(652): CodeIgniter\Database\BaseConnection->simpleQuery('INSERT INTO `bookings` (`user_id`, `booking_date`, `court_name`, `time_slot`, `price`, `created_at`, `updated_at`) VALUES (NULL, \'2025-04-17\', \'Court\', \'slot_10pm\', 300, \'2025-04-23 15:48:41\', \'2025-04-23 15:48:41\')')
 4 SYSTEMPATH\Database\BaseBuilder.php(2345): CodeIgniter\Database\BaseConnection->query('INSERT INTO `bookings` (`user_id`, `booking_date`, `court_name`, `time_slot`, `price`, `created_at`, `updated_at`) VALUES (:user_id:, :booking_date:, :court_name:, :time_slot:, :price:, :created_at:, :updated_at:)', [...], false)
 5 SYSTEMPATH\Model.php(394): CodeIgniter\Database\BaseBuilder->insert()
 6 SYSTEMPATH\BaseModel.php(839): CodeIgniter\Model->doInsert([...])
 7 SYSTEMPATH\Model.php(800): CodeIgniter\BaseModel->insert([...], true)
 8 APPPATH\Controllers\BookingController.php(26): CodeIgniter\Model->insert([...])
 9 SYSTEMPATH\CodeIgniter.php(933): App\Controllers\BookingController->submit_booking()
10 SYSTEMPATH\CodeIgniter.php(507): CodeIgniter\CodeIgniter->runController(Object(App\Controllers\BookingController))
11 SYSTEMPATH\CodeIgniter.php(354): CodeIgniter\CodeIgniter->handleRequest(null, Object(Config\Cache), false)
12 SYSTEMPATH\Boot.php(334): CodeIgniter\CodeIgniter->run()
13 SYSTEMPATH\Boot.php(67): CodeIgniter\Boot::runCodeIgniter(Object(CodeIgniter\CodeIgniter))
14 FCPATH\index.php(56): CodeIgniter\Boot::bootWeb(Object(Config\Paths))
